#
# There is insufficient memory for the Java Runtime Environment to continue.
# Native memory allocation (malloc) failed to allocate 32744 bytes for ChunkPool::allocate
# Possible reasons:
#   The system is out of physical RAM or swap space
#   In 32 bit mode, the process size limit was hit
# Possible solutions:
#   Reduce memory load on the system
#   Increase physical memory or swap space
#   Check if swap backing store is full
#   Use 64 bit Java on a 64 bit OS
#   Decrease Java heap size (-Xmx/-Xms)
#   Decrease number of Java threads
#   Decrease Java thread stack sizes (-Xss)
#   Set larger code cache with -XX:ReservedCodeCacheSize=
# This output file may be truncated or incomplete.
#
#  Out of Memory Error (allocation.cpp:273), pid=15112, tid=0x00000000000006a8
#
# JRE version: Java(TM) SE Runtime Environment (8.0_144-b01) (build 1.8.0_144-b01)
# Java VM: Java HotSpot(TM) 64-Bit Server VM (25.144-b01 mixed mode windows-amd64 compressed oops)
# Failed to write core dump. Minidumps are not enabled by default on client versions of Windows
#

---------------  T H R E A D  ---------------

Current thread (0x00000000021fe000):  JavaThread "main" [_thread_in_vm, id=1704, stack(0x0000000002260000,0x0000000002360000)]

Stack: [0x0000000002260000,0x0000000002360000]
[error occurred during error reporting (printing stack bounds), id 0xc0000005]

Native frames: (J=compiled Java code, j=interpreted, Vv=VM code, C=native code)

Java frames: (J=compiled Java code, j=interpreted, Vv=VM code)
j  sun.misc.Unsafe.defineAnonymousClass(Ljava/lang/Class;[B[Ljava/lang/Object;)Ljava/lang/Class;+0
j  java.lang.invoke.InvokerBytecodeGenerator.loadAndInitializeInvokerClass([B[Ljava/lang/Object;)Ljava/lang/Class;+8
j  java.lang.invoke.InvokerBytecodeGenerator.loadMethod([B)Ljava/lang/invoke/MemberName;+6
j  java.lang.invoke.InvokerBytecodeGenerator.generateCustomizedCode(Ljava/lang/invoke/LambdaForm;Ljava/lang/invoke/MethodType;)Ljava/lang/invoke/MemberName;+17
j  java.lang.invoke.LambdaForm.compileToBytecode()Ljava/lang/invoke/MemberName;+65
j  java.lang.invoke.DirectMethodHandle.makePreparedLambdaForm(Ljava/lang/invoke/MethodType;I)Ljava/lang/invoke/LambdaForm;+638
j  java.lang.invoke.DirectMethodHandle.preparedLambdaForm(Ljava/lang/invoke/MethodType;I)Ljava/lang/invoke/LambdaForm;+17
j  java.lang.invoke.DirectMethodHandle.preparedLambdaForm(Ljava/lang/invoke/MemberName;)Ljava/lang/invoke/LambdaForm;+151
j  java.lang.invoke.DirectMethodHandle.make(BLjava/lang/Class;Ljava/lang/invoke/MemberName;)Ljava/lang/invoke/DirectMethodHandle;+94
j  java.lang.invoke.DirectMethodHandle.make(Ljava/lang/Class;Ljava/lang/invoke/MemberName;)Ljava/lang/invoke/DirectMethodHandle;+16
j  java.lang.invoke.DirectMethodHandle.make(Ljava/lang/invoke/MemberName;)Ljava/lang/invoke/DirectMethodHandle;+17
j  java.lang.invoke.LambdaForm$NamedFunction.resolve()V+5
j  java.lang.invoke.MethodHandleImpl$Lazy.<clinit>()V+155
v  ~StubRoutines::call_stub
j  java.lang.invoke.MethodHandleImpl.varargsArray(I)Ljava/lang/invoke/MethodHandle;+0
j  java.lang.invoke.MethodHandleImpl.varargsArray(Ljava/lang/Class;I)Ljava/lang/invoke/MethodHandle;+121
j  java.lang.invoke.MethodHandle.asCollector(Ljava/lang/Class;I)Ljava/lang/invoke/MethodHandle;+36
j  java.lang.invoke.MethodHandleImpl$AsVarargsCollector.<init>(Ljava/lang/invoke/MethodType;Ljava/lang/invoke/MethodHandle;Ljava/lang/Class;)V+20
j  java.lang.invoke.MethodHandleImpl$AsVarargsCollector.<init>(Ljava/lang/invoke/MethodHandle;Ljava/lang/Class;)V+7
j  java.lang.invoke.MethodHandleImpl.makeVarargsCollector(Ljava/lang/invoke/MethodHandle;Ljava/lang/Class;)Ljava/lang/invoke/MethodHandle;+43
j  java.lang.invoke.MethodHandle.setVarargs(Ljava/lang/invoke/MemberName;)Ljava/lang/invoke/MethodHandle;+26
j  java.lang.invoke.MethodHandles$Lookup.getDirectMethodCommon(BLjava/lang/Class;Ljava/lang/invoke/MemberName;ZZLjava/lang/Class;)Ljava/lang/invoke/MethodHandle;+263
j  java.lang.invoke.MethodHandles$Lookup.getDirectMethod(BLjava/lang/Class;Ljava/lang/invoke/MemberName;Ljava/lang/Class;)Ljava/lang/invoke/MethodHandle;+8
j  java.lang.invoke.MethodHandles$Lookup.findStatic(Ljava/lang/Class;Ljava/lang/String;Ljava/lang/invoke/MethodType;)Ljava/lang/invoke/MethodHandle;+23
j  java.lang.invoke.CallSite.<clinit>()V+35
v  ~StubRoutines::call_stub
j  java.lang.invoke.MethodHandleNatives.linkCallSiteImpl(Ljava/lang/Class;Ljava/lang/invoke/MethodHandle;Ljava/lang/String;Ljava/lang/invoke/MethodType;Ljava/lang/Object;[Ljava/lang/Object;)Ljava/lang/invoke/MemberName;+6
j  java.lang.invoke.MethodHandleNatives.linkCallSite(Ljava/lang/Object;Ljava/lang/Object;Ljava/lang/Object;Ljava/lang/Object;Ljava/lang/Object;[Ljava/lang/Object;)Ljava/lang/invoke/MemberName;+45
v  ~StubRoutines::call_stub
j  java.awt.GraphicsEnvironment.getHeadlessProperty()Z+6
j  java.awt.GraphicsEnvironment.isHeadless()Z+0
j  java.awt.Toolkit.<clinit>()V+47
v  ~StubRoutines::call_stub
j  java.awt.Component.<clinit>()V+93
v  ~StubRoutines::call_stub
j  com.Monkey_run.<init>()V+15
j  com.Monkey_run.main([Ljava/lang/String;)V+3
v  ~StubRoutines::call_stub

---------------  P R O C E S S  ---------------

Java Threads: ( => current thread )
  0x0000000056025000 JavaThread "Service Thread" daemon [_thread_blocked, id=13016, stack(0x0000000056b90000,0x0000000056c90000)]
  0x0000000055ff4800 JavaThread "C1 CompilerThread2" daemon [_thread_in_native, id=13620, stack(0x0000000056a00000,0x0000000056b00000)]
  0x0000000055fef000 JavaThread "C2 CompilerThread1" daemon [_thread_blocked, id=13432, stack(0x00000000568f0000,0x00000000569f0000)]
  0x0000000055fdc000 JavaThread "C2 CompilerThread0" daemon [_thread_in_vm, id=16176, stack(0x0000000056610000,0x0000000056710000)]
  0x0000000055fca800 JavaThread "Attach Listener" daemon [_thread_blocked, id=13508, stack(0x0000000056770000,0x0000000056870000)]
  0x0000000055fc9800 JavaThread "Signal Dispatcher" daemon [_thread_blocked, id=14944, stack(0x0000000056500000,0x0000000056600000)]
  0x0000000054cd9800 JavaThread "Finalizer" daemon [_thread_blocked, id=15780, stack(0x0000000055d90000,0x0000000055e90000)]
  0x0000000054c92800 JavaThread "Reference Handler" daemon [_thread_blocked, id=14940, stack(0x0000000055ec0000,0x0000000055fc0000)]
=>0x00000000021fe000 JavaThread "main" [_thread_in_vm, id=1704, stack(0x0000000002260000,0x0000000002360000)]

Other Threads:
  0x0000000054c8b000 VMThread [stack: 0x0000000055c70000,0x0000000055d70000] [id=12892]
  0x000000005602a800 WatcherThread [stack: 0x0000000056e10000,0x0000000056f10000] [id=15664]

VM state:not at safepoint (normal execution)

VM Mutex/Monitor currently owned by a thread: None

Heap:
 PSYoungGen      total 18944K, used 2294K [0x00000000eb400000, 0x00000000ec900000, 0x0000000100000000)
  eden space 16384K, 14% used [0x00000000eb400000,0x00000000eb63da68,0x00000000ec400000)
  from space 2560K, 0% used [0x00000000ec680000,0x00000000ec680000,0x00000000ec900000)
  to   space 2560K, 0% used [0x00000000ec400000,0x00000000ec400000,0x00000000ec680000)
 ParOldGen       total 44032K, used 0K [0x00000000c1c00000, 0x00000000c4700000, 0x00000000eb400000)
  object space 44032K, 0% used [0x00000000c1c00000,0x00000000c1c00000,0x00000000c4700000)
 Metaspace       used 4287K, capacity 4668K, committed 4864K, reserved 1056768K
  class space    used 475K, capacity 511K, committed 512K, reserved 1048576K

Card table byte_map: [0x0000000011810000,0x0000000011a10000] byte_map_base: 0x0000000011202000

Marking Bits: (ParMarkBitMap*) 0x0000000058f7d850
 Begin Bits: [0x00000000121e0000, 0x0000000013170000)
 End Bits:   [0x0000000013170000, 0x0000000014100000)

Polling page: 0x0000000000210000

CodeCache: size=245760Kb used=1335Kb max_used=1335Kb free=244424Kb
 bounds [0x0000000002450000, 0x00000000026c0000, 0x0000000011450000]
 total_blobs=453 nmethods=184 adapters=182
 compilation: enabled

Compilation events (10 events):
Event: 0.344 Thread 0x0000000055ff4800 nmethod 179 0x000000000259a4d0 code [0x000000000259a640, 0x000000000259a868]
Event: 0.344 Thread 0x0000000055ff4800  180       3       java.util.AbstractList$Itr::hasNext (20 bytes)
Event: 0.345 Thread 0x0000000055ff4800 nmethod 180 0x000000000259a910 code [0x000000000259aa80, 0x000000000259ad08]
Event: 0.345 Thread 0x0000000055ff4800  178       3       java.lang.invoke.InvokerBytecodeGenerator::emitPushArgument (28 bytes)
Event: 0.345 Thread 0x0000000055ff4800 nmethod 178 0x000000000259add0 code [0x000000000259af60, 0x000000000259b438]
Event: 0.345 Thread 0x0000000055ff4800  181       3       jdk.internal.org.objectweb.asm.Type::getArgumentsAndReturnSizes (151 bytes)
Event: 0.345 Thread 0x0000000055ff4800 nmethod 181 0x000000000259b8d0 code [0x000000000259bb00, 0x000000000259c898]
Event: 0.345 Thread 0x0000000055ff4800  182       3       java.lang.invoke.MethodType::makeImpl (66 bytes)
Event: 0.346 Thread 0x0000000055ff4800 nmethod 182 0x000000000259d1d0 code [0x000000000259d3c0, 0x000000000259dc08]
Event: 0.346 Thread 0x0000000055ff4800  187       3       jdk.internal.org.objectweb.asm.Frame::execute (2252 bytes)

GC Heap History (0 events):
No events

Deoptimization events (0 events):
No events

Internal exceptions (10 events):
Event: 0.214 Thread 0x00000000021fe000 Exception <a 'java/security/PrivilegedActionException'> (0x00000000eb4e81e8) thrown at [C:\re\workspace\8-2-build-windows-amd64-cygwin\jdk8u144\9417\hotspot\src\share\vm\prims\jvm.cpp, line 1390]
Event: 0.214 Thread 0x00000000021fe000 Exception <a 'java/security/PrivilegedActionException'> (0x00000000eb4e91e8) thrown at [C:\re\workspace\8-2-build-windows-amd64-cygwin\jdk8u144\9417\hotspot\src\share\vm\prims\jvm.cpp, line 1390]
Event: 0.214 Thread 0x00000000021fe000 Exception <a 'java/security/PrivilegedActionException'> (0x00000000eb4e93f8) thrown at [C:\re\workspace\8-2-build-windows-amd64-cygwin\jdk8u144\9417\hotspot\src\share\vm\prims\jvm.cpp, line 1390]
Event: 0.214 Thread 0x00000000021fe000 Exception <a 'java/security/PrivilegedActionException'> (0x00000000eb4ea3a0) thrown at [C:\re\workspace\8-2-build-windows-amd64-cygwin\jdk8u144\9417\hotspot\src\share\vm\prims\jvm.cpp, line 1390]
Event: 0.214 Thread 0x00000000021fe000 Exception <a 'java/security/PrivilegedActionException'> (0x00000000eb4ea5b0) thrown at [C:\re\workspace\8-2-build-windows-amd64-cygwin\jdk8u144\9417\hotspot\src\share\vm\prims\jvm.cpp, line 1390]
Event: 0.214 Thread 0x00000000021fe000 Exception <a 'java/security/PrivilegedActionException'> (0x00000000eb4eb558) thrown at [C:\re\workspace\8-2-build-windows-amd64-cygwin\jdk8u144\9417\hotspot\src\share\vm\prims\jvm.cpp, line 1390]
Event: 0.214 Thread 0x00000000021fe000 Exception <a 'java/security/PrivilegedActionException'> (0x00000000eb4eb768) thrown at [C:\re\workspace\8-2-build-windows-amd64-cygwin\jdk8u144\9417\hotspot\src\share\vm\prims\jvm.cpp, line 1390]
Event: 0.316 Thread 0x00000000021fe000 Exception <a 'java/io/FileNotFoundException'> (0x00000000eb54db98) thrown at [C:\re\workspace\8-2-build-windows-amd64-cygwin\jdk8u144\9417\hotspot\src\share\vm\prims\jni.cpp, line 709]
Event: 0.345 Thread 0x00000000021fe000 Exception <a 'java/lang/NoSuchFieldError': method resolution failed> (0x00000000eb61b338) thrown at [C:\re\workspace\8-2-build-windows-amd64-cygwin\jdk8u144\9417\hotspot\src\share\vm\prims\methodHandles.cpp, line 1146]
Event: 0.347 Thread 0x00000000021fe000 Exception <a 'java/lang/NoSuchFieldError': method resolution failed> (0x00000000eb628708) thrown at [C:\re\workspace\8-2-build-windows-amd64-cygwin\jdk8u144\9417\hotspot\src\share\vm\prims\methodHandles.cpp, line 1146]

Events (10 events):
Event: 0.335 loading class java/lang/invoke/WrongMethodTypeException
Event: 0.335 loading class java/lang/invoke/WrongMethodTypeException done
Event: 0.336 loading class java/lang/invoke/MethodHandleImpl$Lazy
Event: 0.336 loading class java/lang/invoke/MethodHandleImpl$Lazy done
Event: 0.336 loading class java/lang/invoke/MethodHandleImpl$IntrinsicMethodHandle
Event: 0.336 loading class java/lang/invoke/MethodHandleImpl$IntrinsicMethodHandle done
Event: 0.345 loading class java/lang/NoSuchFieldError
Event: 0.345 loading class java/lang/NoSuchFieldError done
Event: 0.345 loading class java/lang/IllegalAccessException
Event: 0.345 loading class java/lang/IllegalAccessException done


Dynamic libraries:
0x000000013f3e0000 - 0x000000013f417000 	C:\Program Files\Java\jdk1.8.0_144\bin\javaw.exe
0x0000000076e10000 - 0x0000000076fba000 	C:\Windows\SYSTEM32\ntdll.dll
0x0000000076cf0000 - 0x0000000076e0f000 	C:\Windows\system32\kernel32.dll
0x000007fefcc70000 - 0x000007fefccda000 	C:\Windows\system32\KERNELBASE.dll
0x000007fefd940000 - 0x000007fefda1b000 	C:\Windows\system32\ADVAPI32.dll
0x000007fefd520000 - 0x000007fefd5bf000 	C:\Windows\system32\msvcrt.dll
0x000007fefd490000 - 0x000007fefd4af000 	C:\Windows\SYSTEM32\sechost.dll
0x000007fefd280000 - 0x000007fefd3ad000 	C:\Windows\system32\RPCRT4.dll
0x0000000076bf0000 - 0x0000000076cea000 	C:\Windows\system32\USER32.dll
0x000007fefd630000 - 0x000007fefd697000 	C:\Windows\system32\GDI32.dll
0x000007fefd090000 - 0x000007fefd09e000 	C:\Windows\system32\LPK.dll
0x000007fefcfc0000 - 0x000007fefd08b000 	C:\Windows\system32\USP10.dll
0x000007fefb600000 - 0x000007fefb7f4000 	C:\Windows\WinSxS\amd64_microsoft.windows.common-controls_6595b64144ccf1df_6.0.7601.18837_none_fa3b1e3d17594757\COMCTL32.dll
0x000007fefdf90000 - 0x000007fefe001000 	C:\Windows\system32\SHLWAPI.dll
0x000007fefcf90000 - 0x000007fefcfbe000 	C:\Windows\system32\IMM32.DLL
0x000007fefda20000 - 0x000007fefdb29000 	C:\Windows\system32\MSCTF.dll
0x0000000064860000 - 0x0000000064932000 	C:\Program Files\Java\jdk1.8.0_144\jre\bin\msvcr100.dll
0x0000000058760000 - 0x0000000058ffd000 	C:\Program Files\Java\jdk1.8.0_144\jre\bin\server\jvm.dll
0x000007fee6570000 - 0x000007fee6579000 	C:\Windows\system32\WSOCK32.dll
0x000007fefd4d0000 - 0x000007fefd51d000 	C:\Windows\system32\WS2_32.dll
0x000007fefd620000 - 0x000007fefd628000 	C:\Windows\system32\NSI.dll
0x000007fef0980000 - 0x000007fef09bb000 	C:\Windows\system32\WINMM.dll
0x000007fefbc90000 - 0x000007fefbc9c000 	C:\Windows\system32\VERSION.dll
0x0000000076fd0000 - 0x0000000076fd7000 	C:\Windows\system32\PSAPI.DLL
0x0000000064e40000 - 0x0000000064e4f000 	C:\Program Files\Java\jdk1.8.0_144\jre\bin\verify.dll
0x0000000064e10000 - 0x0000000064e39000 	C:\Program Files\Java\jdk1.8.0_144\jre\bin\java.dll
0x0000000064df0000 - 0x0000000064e06000 	C:\Program Files\Java\jdk1.8.0_144\jre\bin\zip.dll
0x000007fefe390000 - 0x000007feff11b000 	C:\Windows\system32\SHELL32.dll
0x000007fefd740000 - 0x000007fefd93c000 	C:\Windows\system32\ole32.dll
0x000007fefcbe0000 - 0x000007fefcbef000 	C:\Windows\system32\profapi.dll
0x00000000639d0000 - 0x0000000063b68000 	C:\Program Files\Java\jdk1.8.0_144\jre\bin\awt.dll
0x000007fefd3b0000 - 0x000007fefd48a000 	C:\Windows\system32\OLEAUT32.dll

VM Arguments:
jvm_args: -Dfile.encoding=UTF-8 
java_command: com.Monkey_run
java_class_path (initial): D:\eclipse_file\Monkey\bin;D:\eclipse_file\Monkey\libs\gnujaxp.jar;D:\eclipse_file\Monkey\libs\iText-2.1.5.jar;D:\eclipse_file\Monkey\libs\jcommon-1.0.16.jar;D:\eclipse_file\Monkey\libs\jfreechart-1.0.13-experimental.jar;D:\eclipse_file\Monkey\libs\jfreechart-1.0.13-swt.jar;D:\eclipse_file\Monkey\libs\jfreechart-1.0.13.jar;D:\eclipse_file\Monkey\libs\junit.jar;D:\eclipse_file\Monkey\libs\servlet.jar;D:\eclipse_file\Monkey\libs\swtgraphics2d.jar
Launcher Type: SUN_STANDARD

Environment Variables:
JAVA_HOME=C:\Program Files\Java\jdk1.8.0_144
CLASSPATH=.;C:\Program Files\Java\jdk1.8.0_144\lib\dt.jar;C:\Program Files\Java\jdk1.8.0_144\lib\tools.jar;
PATH=C:/Program Files/Java/jdk1.8.0_144/bin/../jre/bin/server;C:/Program Files/Java/jdk1.8.0_144/bin/../jre/bin;C:/Program Files/Java/jdk1.8.0_144/bin/../jre/lib/amd64;C:\Program Files\Java\jdk1.8.0_144\bin;C:\Program Files\Java\jdk1.8.0_144\jre\bin;C:\ProgramData\Oracle\Java\javapath;C:\Windows\system32;C:\Windows;C:\Windows\System32\Wbem;C:\Windows\System32\WindowsPowerShell\v1.0\;D:\Android_SDK_7.0\Android_SDK_6.0\platform-tools;D:\Android_SDK_7.0\Android_SDK_6.0\tools;D:\apache-ant-1.10.1-bin\apache-ant-1.10.1\bin;;D:\eclipse-jee-oxygen-R-win32-x86_64\eclipse;
USERNAME=prize
OS=Windows_NT
PROCESSOR_IDENTIFIER=Intel64 Family 6 Model 158 Stepping 9, GenuineIntel



---------------  S Y S T E M  ---------------

OS: Windows 7 , 64 bit Build 7601 (6.1.7601.23864)

CPU:total 4 (initial active 4) (2 cores per cpu, 2 threads per core) family 6 model 158 stepping 9, cmov, cx8, fxsr, mmx, sse, sse2, sse3, ssse3, sse4.1, sse4.2, popcnt, avx, avx2, aes, clmul, erms, 3dnowpref, lzcnt, ht, tsc, tscinvbit, bmi1, bmi2, adx

Memory: 4k page, physical 4078480k(872056k free), swap 16312060k(5128k free)

vm_info: Java HotSpot(TM) 64-Bit Server VM (25.144-b01) for windows-amd64 JRE (1.8.0_144-b01), built on Jul 21 2017 21:57:33 by "java_re" with MS VC++ 10.0 (VS2010)

time: Tue Sep 26 11:47:18 2017
elapsed time: 0 seconds (0d 0h 0m 0s)

